2018-09-07 11:33:09.128961: I tensorflow/core/platform/cpu_feature_guard.cc:141] Your CPU supports instructions that this TensorFlow binary was not compiled to use: AVX2 AVX512F FMA
2018-09-07 11:33:09.640960: I tensorflow/core/common_runtime/gpu/gpu_device.cc:1405] Found device 0 with properties: 
name: Tesla P40 major: 6 minor: 1 memoryClockRate(GHz): 1.531
pciBusID: 0000:3b:00.0
totalMemory: 22.38GiB freeMemory: 22.21GiB
2018-09-07 11:33:09.970787: I tensorflow/core/common_runtime/gpu/gpu_device.cc:1405] Found device 1 with properties: 
name: Tesla P40 major: 6 minor: 1 memoryClockRate(GHz): 1.531
pciBusID: 0000:d8:00.0
totalMemory: 23.88GiB freeMemory: 23.71GiB
2018-09-07 11:33:09.972560: I tensorflow/core/common_runtime/gpu/gpu_device.cc:1484] Adding visible gpu devices: 0, 1
2018-09-07 11:33:10.838529: I tensorflow/core/common_runtime/gpu/gpu_device.cc:965] Device interconnect StreamExecutor with strength 1 edge matrix:
2018-09-07 11:33:10.838589: I tensorflow/core/common_runtime/gpu/gpu_device.cc:971]      0 1 
2018-09-07 11:33:10.838599: I tensorflow/core/common_runtime/gpu/gpu_device.cc:984] 0:   N Y 
2018-09-07 11:33:10.838606: I tensorflow/core/common_runtime/gpu/gpu_device.cc:984] 1:   Y N 
2018-09-07 11:33:10.839110: I tensorflow/core/common_runtime/gpu/gpu_device.cc:1097] Created TensorFlow device (/job:localhost/replica:0/task:0/device:GPU:0 with 21773 MB memory) -> physical GPU (device: 0, name: Tesla P40, pci bus id: 0000:3b:00.0, compute capability: 6.1)
2018-09-07 11:33:11.050944: I tensorflow/core/common_runtime/gpu/gpu_device.cc:1097] Created TensorFlow device (/job:localhost/replica:0/task:0/device:GPU:1 with 23229 MB memory) -> physical GPU (device: 1, name: Tesla P40, pci bus id: 0000:d8:00.0, compute capability: 6.1)
_________________________________________________________________
Layer (type)                 Output Shape              Param #   
=================================================================
the_input (InputLayer)       (None, 1600, 200, 1)      0         
_________________________________________________________________
conv2d_1 (Conv2D)            (None, 1600, 200, 32)     288       
_________________________________________________________________
batch_normalization_1 (Batch (None, 1600, 200, 32)     6400      
_________________________________________________________________
conv2d_2 (Conv2D)            (None, 1600, 200, 32)     9248      
_________________________________________________________________
batch_normalization_2 (Batch (None, 1600, 200, 32)     6400      
_________________________________________________________________
max_pooling2d_1 (MaxPooling2 (None, 800, 100, 32)      0         
_________________________________________________________________
conv2d_3 (Conv2D)            (None, 800, 100, 64)      18496     
_________________________________________________________________
batch_normalization_3 (Batch (None, 800, 100, 64)      3200      
_________________________________________________________________
conv2d_4 (Conv2D)            (None, 800, 100, 64)      36928     
_________________________________________________________________
batch_normalization_4 (Batch (None, 800, 100, 64)      3200      
_________________________________________________________________
max_pooling2d_2 (MaxPooling2 (None, 400, 50, 64)       0         
_________________________________________________________________
conv2d_5 (Conv2D)            (None, 400, 50, 128)      73856     
_________________________________________________________________
batch_normalization_5 (Batch (None, 400, 50, 128)      1600      
_________________________________________________________________
conv2d_6 (Conv2D)            (None, 400, 50, 128)      147584    
_________________________________________________________________
batch_normalization_6 (Batch (None, 400, 50, 128)      1600      
_________________________________________________________________
max_pooling2d_3 (MaxPooling2 (None, 200, 25, 128)      0         
_________________________________________________________________
conv2d_7 (Conv2D)            (None, 200, 25, 128)      147584    
_________________________________________________________________
batch_normalization_7 (Batch (None, 200, 25, 128)      800       
_________________________________________________________________
conv2d_8 (Conv2D)            (None, 200, 25, 128)      147584    
_________________________________________________________________
batch_normalization_8 (Batch (None, 200, 25, 128)      800       
_________________________________________________________________
max_pooling2d_4 (MaxPooling2 (None, 200, 25, 128)      0         
_________________________________________________________________
conv2d_9 (Conv2D)            (None, 200, 25, 128)      147584    
_________________________________________________________________
batch_normalization_9 (Batch (None, 200, 25, 128)      800       
_________________________________________________________________
conv2d_10 (Conv2D)           (None, 200, 25, 128)      147584    
_________________________________________________________________
batch_normalization_10 (Batc (None, 200, 25, 128)      512       
_________________________________________________________________
max_pooling2d_5 (MaxPooling2 (None, 200, 25, 128)      0         
_________________________________________________________________
reshape_1 (Reshape)          (None, 200, 3200)         0         
_________________________________________________________________
dense_1 (Dense)              (None, 200, 128)          409728    
_________________________________________________________________
batch_normalization_11 (Batc (None, 200, 128)          512       
_________________________________________________________________
dense_2 (Dense)              (None, 200, 1434)         184986    
_________________________________________________________________
batch_normalization_12 (Batc (None, 200, 1434)         5736      
_________________________________________________________________
Activation0 (Activation)     (None, 200, 1434)         0         
=================================================================
Total params: 1,503,010
Trainable params: 1,487,230
Non-trainable params: 15,780
_________________________________________________________________
__________________________________________________________________________________________________
Layer (type)                    Output Shape         Param #     Connected to                     
==================================================================================================
the_input (InputLayer)          (None, 1600, 200, 1) 0                                            
__________________________________________________________________________________________________
conv2d_1 (Conv2D)               (None, 1600, 200, 32 288         the_input[0][0]                  
__________________________________________________________________________________________________
batch_normalization_1 (BatchNor (None, 1600, 200, 32 6400        conv2d_1[0][0]                   
__________________________________________________________________________________________________
conv2d_2 (Conv2D)               (None, 1600, 200, 32 9248        batch_normalization_1[0][0]      
__________________________________________________________________________________________________
batch_normalization_2 (BatchNor (None, 1600, 200, 32 6400        conv2d_2[0][0]                   
__________________________________________________________________________________________________
max_pooling2d_1 (MaxPooling2D)  (None, 800, 100, 32) 0           batch_normalization_2[0][0]      
__________________________________________________________________________________________________
conv2d_3 (Conv2D)               (None, 800, 100, 64) 18496       max_pooling2d_1[0][0]            
__________________________________________________________________________________________________
batch_normalization_3 (BatchNor (None, 800, 100, 64) 3200        conv2d_3[0][0]                   
__________________________________________________________________________________________________
conv2d_4 (Conv2D)               (None, 800, 100, 64) 36928       batch_normalization_3[0][0]      
__________________________________________________________________________________________________
batch_normalization_4 (BatchNor (None, 800, 100, 64) 3200        conv2d_4[0][0]                   
__________________________________________________________________________________________________
max_pooling2d_2 (MaxPooling2D)  (None, 400, 50, 64)  0           batch_normalization_4[0][0]      
__________________________________________________________________________________________________
conv2d_5 (Conv2D)               (None, 400, 50, 128) 73856       max_pooling2d_2[0][0]            
__________________________________________________________________________________________________
batch_normalization_5 (BatchNor (None, 400, 50, 128) 1600        conv2d_5[0][0]                   
__________________________________________________________________________________________________
conv2d_6 (Conv2D)               (None, 400, 50, 128) 147584      batch_normalization_5[0][0]      
__________________________________________________________________________________________________
batch_normalization_6 (BatchNor (None, 400, 50, 128) 1600        conv2d_6[0][0]                   
__________________________________________________________________________________________________
max_pooling2d_3 (MaxPooling2D)  (None, 200, 25, 128) 0           batch_normalization_6[0][0]      
__________________________________________________________________________________________________
conv2d_7 (Conv2D)               (None, 200, 25, 128) 147584      max_pooling2d_3[0][0]            
__________________________________________________________________________________________________
batch_normalization_7 (BatchNor (None, 200, 25, 128) 800         conv2d_7[0][0]                   
__________________________________________________________________________________________________
conv2d_8 (Conv2D)               (None, 200, 25, 128) 147584      batch_normalization_7[0][0]      
__________________________________________________________________________________________________
batch_normalization_8 (BatchNor (None, 200, 25, 128) 800         conv2d_8[0][0]                   
__________________________________________________________________________________________________
max_pooling2d_4 (MaxPooling2D)  (None, 200, 25, 128) 0           batch_normalization_8[0][0]      
__________________________________________________________________________________________________
conv2d_9 (Conv2D)               (None, 200, 25, 128) 147584      max_pooling2d_4[0][0]            
__________________________________________________________________________________________________
batch_normalization_9 (BatchNor (None, 200, 25, 128) 800         conv2d_9[0][0]                   
__________________________________________________________________________________________________
conv2d_10 (Conv2D)              (None, 200, 25, 128) 147584      batch_normalization_9[0][0]      
__________________________________________________________________________________________________
batch_normalization_10 (BatchNo (None, 200, 25, 128) 512         conv2d_10[0][0]                  
__________________________________________________________________________________________________
max_pooling2d_5 (MaxPooling2D)  (None, 200, 25, 128) 0           batch_normalization_10[0][0]     
__________________________________________________________________________________________________
reshape_1 (Reshape)             (None, 200, 3200)    0           max_pooling2d_5[0][0]            
__________________________________________________________________________________________________
dense_1 (Dense)                 (None, 200, 128)     409728      reshape_1[0][0]                  
__________________________________________________________________________________________________
batch_normalization_11 (BatchNo (None, 200, 128)     512         dense_1[0][0]                    
__________________________________________________________________________________________________
dense_2 (Dense)                 (None, 200, 1434)    184986      batch_normalization_11[0][0]     
__________________________________________________________________________________________________
batch_normalization_12 (BatchNo (None, 200, 1434)    5736        dense_2[0][0]                    
__________________________________________________________________________________________________
Activation0 (Activation)        (None, 200, 1434)    0           batch_normalization_12[0][0]     
__________________________________________________________________________________________________
the_labels (InputLayer)         (None, 64)           0                                            
__________________________________________________________________________________________________
input_length (InputLayer)       (None, 1)            0                                            
__________________________________________________________________________________________________
label_length (InputLayer)       (None, 1)            0                                            
__________________________________________________________________________________________________
ctc (Lambda)                    (None, 1)            0           Activation0[0][0]                
                                                                 the_labels[0][0]                 
                                                                 input_length[0][0]               
                                                                 label_length[0][0]               
==================================================================================================
Total params: 1,503,010
Trainable params: 1,487,230
Non-trainable params: 15,780
__________________________________________________________________________________________________
[*提示] 创建模型成功，模型编译成功
[running] train epoch 0 .
[message] epoch 0 . Have train datas 60000+
Epoch 1/1

   1/1000 [..............................] - ETA: 3:27:32 - loss: 4.8370
   2/1000 [..............................] - ETA: 1:54:51 - loss: 4.4210
   3/1000 [..............................] - ETA: 1:24:04 - loss: 4.9668
   4/1000 [..............................] - ETA: 1:08:38 - loss: 4.9394
   5/1000 [..............................] - ETA: 59:22 - loss: 5.1106  
   6/1000 [..............................] - ETA: 53:14 - loss: 5.0778
   7/1000 [..............................] - ETA: 48:50 - loss: 5.0266
   8/1000 [..............................] - ETA: 45:33 - loss: 5.1190
   9/1000 [..............................] - ETA: 42:57 - loss: 5.2027
  10/1000 [..............................] - ETA: 40:54 - loss: 5.2212
  11/1000 [..............................] - ETA: 39:12 - loss: 5.2725
  12/1000 [..............................] - ETA: 37:46 - loss: 5.2368
  13/1000 [..............................] - ETA: 36:34 - loss: 5.2894
  14/1000 [..............................] - ETA: 35:31 - loss: 5.2702
  15/1000 [..............................] - ETA: 34:36 - loss: 5.2726
  16/1000 [..............................] - ETA: 33:48 - loss: 5.2641
  17/1000 [..............................] - ETA: 33:08 - loss: 5.2598
  18/1000 [..............................] - ETA: 32:31 - loss: 5.2445
  19/1000 [..............................] - ETA: 31:57 - loss: 5.2464
  20/1000 [..............................] - ETA: 31:26 - loss: 5.2900
  21/1000 [..............................] - ETA: 31:00 - loss: 5.2586
  22/1000 [..............................] - ETA: 30:35 - loss: 5.2168
  23/1000 [..............................] - ETA: 30:13 - loss: 5.2498